{"@timestamp":"2022-04-07T00:21:23.781+09:00","@version":1,"message":"Starting LoggingApplication using Java 11.0.14.1 on DESKTOP-T4APL30 with PID 10472 (C:\\Project\\spring_boot_elk_stack\\build\\classes\\java\\main started by HJ in C:\\Project\\spring_boot_elk_stack)","logger_name":"com.example.logging.LoggingApplication","thread_name":"main","level":"INFO","level_value":20000}
{"@timestamp":"2022-04-07T00:21:23.790+09:00","@version":1,"message":"The following 1 profile is active: \"json\"","logger_name":"com.example.logging.LoggingApplication","thread_name":"main","level":"INFO","level_value":20000}
{"@timestamp":"2022-04-07T00:21:24.360+09:00","@version":1,"message":"Bootstrapping Spring Data JPA repositories in DEFAULT mode.","logger_name":"org.springframework.data.repository.config.RepositoryConfigurationDelegate","thread_name":"main","level":"INFO","level_value":20000}
{"@timestamp":"2022-04-07T00:21:24.375+09:00","@version":1,"message":"Finished Spring Data repository scanning in 8 ms. Found 0 JPA repository interfaces.","logger_name":"org.springframework.data.repository.config.RepositoryConfigurationDelegate","thread_name":"main","level":"INFO","level_value":20000}
{"@timestamp":"2022-04-07T00:21:24.989+09:00","@version":1,"message":"Tomcat initialized with port(s): 8080 (http)","logger_name":"org.springframework.boot.web.embedded.tomcat.TomcatWebServer","thread_name":"main","level":"INFO","level_value":20000}
{"@timestamp":"2022-04-07T00:21:24.998+09:00","@version":1,"message":"Initializing ProtocolHandler [\"http-nio-8080\"]","logger_name":"org.apache.coyote.http11.Http11NioProtocol","thread_name":"main","level":"INFO","level_value":20000}
{"@timestamp":"2022-04-07T00:21:24.999+09:00","@version":1,"message":"Starting service [Tomcat]","logger_name":"org.apache.catalina.core.StandardService","thread_name":"main","level":"INFO","level_value":20000}
{"@timestamp":"2022-04-07T00:21:24.999+09:00","@version":1,"message":"Starting Servlet engine: [Apache Tomcat/9.0.58]","logger_name":"org.apache.catalina.core.StandardEngine","thread_name":"main","level":"INFO","level_value":20000}
{"@timestamp":"2022-04-07T00:21:25.064+09:00","@version":1,"message":"Initializing Spring embedded WebApplicationContext","logger_name":"org.apache.catalina.core.ContainerBase.[Tomcat].[localhost].[/]","thread_name":"main","level":"INFO","level_value":20000}
{"@timestamp":"2022-04-07T00:21:25.065+09:00","@version":1,"message":"Root WebApplicationContext: initialization completed in 1241 ms","logger_name":"org.springframework.boot.web.servlet.context.ServletWebServerApplicationContext","thread_name":"main","level":"INFO","level_value":20000}
{"@timestamp":"2022-04-07T00:21:25.211+09:00","@version":1,"message":"HikariPool-1 - Starting...","logger_name":"com.zaxxer.hikari.HikariDataSource","thread_name":"main","level":"INFO","level_value":20000}
{"@timestamp":"2022-04-07T00:21:25.301+09:00","@version":1,"message":"HikariPool-1 - Start completed.","logger_name":"com.zaxxer.hikari.HikariDataSource","thread_name":"main","level":"INFO","level_value":20000}
{"@timestamp":"2022-04-07T00:21:25.339+09:00","@version":1,"message":"HHH000204: Processing PersistenceUnitInfo [name: default]","logger_name":"org.hibernate.jpa.internal.util.LogHelper","thread_name":"main","level":"INFO","level_value":20000}
{"@timestamp":"2022-04-07T00:21:25.377+09:00","@version":1,"message":"HHH000412: Hibernate ORM core version 5.6.5.Final","logger_name":"org.hibernate.Version","thread_name":"main","level":"INFO","level_value":20000}
{"@timestamp":"2022-04-07T00:21:25.498+09:00","@version":1,"message":"HCANN000001: Hibernate Commons Annotations {5.1.2.Final}","logger_name":"org.hibernate.annotations.common.Version","thread_name":"main","level":"INFO","level_value":20000}
{"@timestamp":"2022-04-07T00:21:25.664+09:00","@version":1,"message":"HHH000400: Using dialect: org.hibernate.dialect.H2Dialect","logger_name":"org.hibernate.dialect.Dialect","thread_name":"main","level":"INFO","level_value":20000}
{"@timestamp":"2022-04-07T00:21:25.843+09:00","@version":1,"message":"HHH000490: Using JtaPlatform implementation: [org.hibernate.engine.transaction.jta.platform.internal.NoJtaPlatform]","logger_name":"org.hibernate.engine.transaction.jta.platform.internal.JtaPlatformInitiator","thread_name":"main","level":"INFO","level_value":20000}
{"@timestamp":"2022-04-07T00:21:25.850+09:00","@version":1,"message":"Initialized JPA EntityManagerFactory for persistence unit 'default'","logger_name":"org.springframework.orm.jpa.LocalContainerEntityManagerFactoryBean","thread_name":"main","level":"INFO","level_value":20000}
{"@timestamp":"2022-04-07T00:21:25.983+09:00","@version":1,"message":"spring.jpa.open-in-view is enabled by default. Therefore, database queries may be performed during view rendering. Explicitly configure spring.jpa.open-in-view to disable this warning","logger_name":"org.springframework.boot.autoconfigure.orm.jpa.JpaBaseConfiguration$JpaWebConfiguration","thread_name":"main","level":"WARN","level_value":30000}
{"@timestamp":"2022-04-07T00:21:26.406+09:00","@version":1,"message":"Starting ProtocolHandler [\"http-nio-8080\"]","logger_name":"org.apache.coyote.http11.Http11NioProtocol","thread_name":"main","level":"INFO","level_value":20000}
{"@timestamp":"2022-04-07T00:21:26.423+09:00","@version":1,"message":"Tomcat started on port(s): 8080 (http) with context path ''","logger_name":"org.springframework.boot.web.embedded.tomcat.TomcatWebServer","thread_name":"main","level":"INFO","level_value":20000}
{"@timestamp":"2022-04-07T00:21:26.431+09:00","@version":1,"message":"Started LoggingApplication in 2.972 seconds (JVM running for 3.886)","logger_name":"com.example.logging.LoggingApplication","thread_name":"main","level":"INFO","level_value":20000}
{"@timestamp":"2022-04-07T00:21:30.967+09:00","@version":1,"message":"Initializing Spring DispatcherServlet 'dispatcherServlet'","logger_name":"org.apache.catalina.core.ContainerBase.[Tomcat].[localhost].[/]","thread_name":"http-nio-8080-exec-1","level":"INFO","level_value":20000}
{"@timestamp":"2022-04-07T00:21:30.968+09:00","@version":1,"message":"Initializing Servlet 'dispatcherServlet'","logger_name":"org.springframework.web.servlet.DispatcherServlet","thread_name":"http-nio-8080-exec-1","level":"INFO","level_value":20000}
{"@timestamp":"2022-04-07T00:21:30.969+09:00","@version":1,"message":"Completed initialization in 1 ms","logger_name":"org.springframework.web.servlet.DispatcherServlet","thread_name":"http-nio-8080-exec-1","level":"INFO","level_value":20000}
{"@timestamp":"2022-04-07T00:21:31.112+09:00","@version":1,"message":"{\"method\":\"GET\",\"url\":\"/\",\"args\":\"[\\\"sdfsdf\\\"]\"}","logger_name":"com.example.logging.common.aop.LogAspect","thread_name":"http-nio-8080-exec-1","level":"INFO","level_value":20000,"t.id":"8526713a-f783-40b1-aa3e-c9e9b76ea425","l.type":"ACTION"}
{"@timestamp":"2022-04-07T00:21:31.121+09:00","@version":1,"message":"Logging Controller in getLogging()","logger_name":"com.example.logging.logging.api.LoggingController","thread_name":"http-nio-8080-exec-1","level":"INFO","level_value":20000,"t.id":"8526713a-f783-40b1-aa3e-c9e9b76ea425","l.type":"SERVICE"}
{"@timestamp":"2022-04-07T00:21:31.122+09:00","@version":1,"message":"Logging Service in getLogging()","logger_name":"com.example.logging.logging.application.LoggingService","thread_name":"http-nio-8080-exec-1","level":"INFO","level_value":20000,"t.id":"8526713a-f783-40b1-aa3e-c9e9b76ea425","l.type":"SERVICE"}
{"@timestamp":"2022-04-07T00:21:31.139+09:00","@version":1,"message":"{\"headers\":{},\"body\":\"sdfsdf\",\"statusCode\":\"OK\",\"statusCodeValue\":200}","logger_name":"com.example.logging.common.aop.LogAspect","thread_name":"http-nio-8080-exec-1","level":"INFO","level_value":20000,"t.id":"8526713a-f783-40b1-aa3e-c9e9b76ea425","l.type":"ACTION"}
{"@timestamp":"2022-04-07T00:21:33.906+09:00","@version":1,"message":"{\"method\":\"GET\",\"url\":\"/\",\"args\":\"[\\\"sdfsdf\\\"]\"}","logger_name":"com.example.logging.common.aop.LogAspect","thread_name":"http-nio-8080-exec-2","level":"INFO","level_value":20000,"t.id":"50ed1944-d1e1-45e2-b251-c3cdb7095c50","l.type":"ACTION"}
{"@timestamp":"2022-04-07T00:21:33.907+09:00","@version":1,"message":"Logging Controller in getLogging()","logger_name":"com.example.logging.logging.api.LoggingController","thread_name":"http-nio-8080-exec-2","level":"INFO","level_value":20000,"t.id":"50ed1944-d1e1-45e2-b251-c3cdb7095c50","l.type":"SERVICE"}
{"@timestamp":"2022-04-07T00:21:33.907+09:00","@version":1,"message":"Logging Service in getLogging()","logger_name":"com.example.logging.logging.application.LoggingService","thread_name":"http-nio-8080-exec-2","level":"INFO","level_value":20000,"t.id":"50ed1944-d1e1-45e2-b251-c3cdb7095c50","l.type":"SERVICE"}
{"@timestamp":"2022-04-07T00:21:33.908+09:00","@version":1,"message":"{\"headers\":{},\"body\":\"sdfsdf\",\"statusCode\":\"OK\",\"statusCodeValue\":200}","logger_name":"com.example.logging.common.aop.LogAspect","thread_name":"http-nio-8080-exec-2","level":"INFO","level_value":20000,"t.id":"50ed1944-d1e1-45e2-b251-c3cdb7095c50","l.type":"ACTION"}
{"@timestamp":"2022-04-07T00:21:34.603+09:00","@version":1,"message":"{\"method\":\"GET\",\"url\":\"/\",\"args\":\"[\\\"sdfsdf\\\"]\"}","logger_name":"com.example.logging.common.aop.LogAspect","thread_name":"http-nio-8080-exec-4","level":"INFO","level_value":20000,"t.id":"431f2e41-0673-4cd2-b14c-c972daef4105","l.type":"ACTION"}
{"@timestamp":"2022-04-07T00:21:34.603+09:00","@version":1,"message":"Logging Controller in getLogging()","logger_name":"com.example.logging.logging.api.LoggingController","thread_name":"http-nio-8080-exec-4","level":"INFO","level_value":20000,"t.id":"431f2e41-0673-4cd2-b14c-c972daef4105","l.type":"SERVICE"}
{"@timestamp":"2022-04-07T00:21:34.603+09:00","@version":1,"message":"Logging Service in getLogging()","logger_name":"com.example.logging.logging.application.LoggingService","thread_name":"http-nio-8080-exec-4","level":"INFO","level_value":20000,"t.id":"431f2e41-0673-4cd2-b14c-c972daef4105","l.type":"SERVICE"}
{"@timestamp":"2022-04-07T00:21:34.604+09:00","@version":1,"message":"{\"headers\":{},\"body\":\"sdfsdf\",\"statusCode\":\"OK\",\"statusCodeValue\":200}","logger_name":"com.example.logging.common.aop.LogAspect","thread_name":"http-nio-8080-exec-4","level":"INFO","level_value":20000,"t.id":"431f2e41-0673-4cd2-b14c-c972daef4105","l.type":"ACTION"}
{"@timestamp":"2022-04-07T00:21:35.348+09:00","@version":1,"message":"{\"method\":\"GET\",\"url\":\"/\",\"args\":\"[\\\"sdfsdf\\\"]\"}","logger_name":"com.example.logging.common.aop.LogAspect","thread_name":"http-nio-8080-exec-6","level":"INFO","level_value":20000,"t.id":"c45a7054-3d9a-471a-b058-b76acb71fd48","l.type":"ACTION"}
{"@timestamp":"2022-04-07T00:21:35.348+09:00","@version":1,"message":"Logging Controller in getLogging()","logger_name":"com.example.logging.logging.api.LoggingController","thread_name":"http-nio-8080-exec-6","level":"INFO","level_value":20000,"t.id":"c45a7054-3d9a-471a-b058-b76acb71fd48","l.type":"SERVICE"}
{"@timestamp":"2022-04-07T00:21:35.348+09:00","@version":1,"message":"Logging Service in getLogging()","logger_name":"com.example.logging.logging.application.LoggingService","thread_name":"http-nio-8080-exec-6","level":"INFO","level_value":20000,"t.id":"c45a7054-3d9a-471a-b058-b76acb71fd48","l.type":"SERVICE"}
{"@timestamp":"2022-04-07T00:21:35.349+09:00","@version":1,"message":"{\"headers\":{},\"body\":\"sdfsdf\",\"statusCode\":\"OK\",\"statusCodeValue\":200}","logger_name":"com.example.logging.common.aop.LogAspect","thread_name":"http-nio-8080-exec-6","level":"INFO","level_value":20000,"t.id":"c45a7054-3d9a-471a-b058-b76acb71fd48","l.type":"ACTION"}
{"@timestamp":"2022-04-07T00:21:36.441+09:00","@version":1,"message":"{\"method\":\"GET\",\"url\":\"/\",\"args\":\"[\\\"sdfsdf\\\"]\"}","logger_name":"com.example.logging.common.aop.LogAspect","thread_name":"http-nio-8080-exec-8","level":"INFO","level_value":20000,"t.id":"e74e9773-71c0-4d6b-a8ac-2ed142c7601c","l.type":"ACTION"}
{"@timestamp":"2022-04-07T00:21:36.442+09:00","@version":1,"message":"Logging Controller in getLogging()","logger_name":"com.example.logging.logging.api.LoggingController","thread_name":"http-nio-8080-exec-8","level":"INFO","level_value":20000,"t.id":"e74e9773-71c0-4d6b-a8ac-2ed142c7601c","l.type":"SERVICE"}
{"@timestamp":"2022-04-07T00:21:36.442+09:00","@version":1,"message":"Logging Service in getLogging()","logger_name":"com.example.logging.logging.application.LoggingService","thread_name":"http-nio-8080-exec-8","level":"INFO","level_value":20000,"t.id":"e74e9773-71c0-4d6b-a8ac-2ed142c7601c","l.type":"SERVICE"}
{"@timestamp":"2022-04-07T00:21:36.442+09:00","@version":1,"message":"{\"headers\":{},\"body\":\"sdfsdf\",\"statusCode\":\"OK\",\"statusCodeValue\":200}","logger_name":"com.example.logging.common.aop.LogAspect","thread_name":"http-nio-8080-exec-8","level":"INFO","level_value":20000,"t.id":"e74e9773-71c0-4d6b-a8ac-2ed142c7601c","l.type":"ACTION"}
{"@timestamp":"2022-04-07T00:21:36.989+09:00","@version":1,"message":"{\"method\":\"GET\",\"url\":\"/\",\"args\":\"[\\\"sdfsdf\\\"]\"}","logger_name":"com.example.logging.common.aop.LogAspect","thread_name":"http-nio-8080-exec-9","level":"INFO","level_value":20000,"t.id":"4fda8d1d-4083-431a-bc2b-ceead4ac86e4","l.type":"ACTION"}
{"@timestamp":"2022-04-07T00:21:36.989+09:00","@version":1,"message":"Logging Controller in getLogging()","logger_name":"com.example.logging.logging.api.LoggingController","thread_name":"http-nio-8080-exec-9","level":"INFO","level_value":20000,"t.id":"4fda8d1d-4083-431a-bc2b-ceead4ac86e4","l.type":"SERVICE"}
{"@timestamp":"2022-04-07T00:21:36.989+09:00","@version":1,"message":"Logging Service in getLogging()","logger_name":"com.example.logging.logging.application.LoggingService","thread_name":"http-nio-8080-exec-9","level":"INFO","level_value":20000,"t.id":"4fda8d1d-4083-431a-bc2b-ceead4ac86e4","l.type":"SERVICE"}
{"@timestamp":"2022-04-07T00:21:36.990+09:00","@version":1,"message":"{\"headers\":{},\"body\":\"sdfsdf\",\"statusCode\":\"OK\",\"statusCodeValue\":200}","logger_name":"com.example.logging.common.aop.LogAspect","thread_name":"http-nio-8080-exec-9","level":"INFO","level_value":20000,"t.id":"4fda8d1d-4083-431a-bc2b-ceead4ac86e4","l.type":"ACTION"}
{"@timestamp":"2022-04-07T00:21:37.473+09:00","@version":1,"message":"{\"method\":\"GET\",\"url\":\"/\",\"args\":\"[\\\"sdfsdf\\\"]\"}","logger_name":"com.example.logging.common.aop.LogAspect","thread_name":"http-nio-8080-exec-2","level":"INFO","level_value":20000,"t.id":"c8d21638-e022-4804-8def-1cda8d505f72","l.type":"ACTION"}
{"@timestamp":"2022-04-07T00:21:37.473+09:00","@version":1,"message":"Logging Controller in getLogging()","logger_name":"com.example.logging.logging.api.LoggingController","thread_name":"http-nio-8080-exec-2","level":"INFO","level_value":20000,"t.id":"c8d21638-e022-4804-8def-1cda8d505f72","l.type":"SERVICE"}
{"@timestamp":"2022-04-07T00:21:37.473+09:00","@version":1,"message":"Logging Service in getLogging()","logger_name":"com.example.logging.logging.application.LoggingService","thread_name":"http-nio-8080-exec-2","level":"INFO","level_value":20000,"t.id":"c8d21638-e022-4804-8def-1cda8d505f72","l.type":"SERVICE"}
{"@timestamp":"2022-04-07T00:21:37.474+09:00","@version":1,"message":"{\"headers\":{},\"body\":\"sdfsdf\",\"statusCode\":\"OK\",\"statusCodeValue\":200}","logger_name":"com.example.logging.common.aop.LogAspect","thread_name":"http-nio-8080-exec-2","level":"INFO","level_value":20000,"t.id":"c8d21638-e022-4804-8def-1cda8d505f72","l.type":"ACTION"}
{"@timestamp":"2022-04-07T00:21:37.939+09:00","@version":1,"message":"{\"method\":\"GET\",\"url\":\"/\",\"args\":\"[\\\"sdfsdf\\\"]\"}","logger_name":"com.example.logging.common.aop.LogAspect","thread_name":"http-nio-8080-exec-4","level":"INFO","level_value":20000,"t.id":"a9861753-5fbd-4ddd-85ff-35277bb3add1","l.type":"ACTION"}
{"@timestamp":"2022-04-07T00:21:37.939+09:00","@version":1,"message":"Logging Controller in getLogging()","logger_name":"com.example.logging.logging.api.LoggingController","thread_name":"http-nio-8080-exec-4","level":"INFO","level_value":20000,"t.id":"a9861753-5fbd-4ddd-85ff-35277bb3add1","l.type":"SERVICE"}
{"@timestamp":"2022-04-07T00:21:37.939+09:00","@version":1,"message":"Logging Service in getLogging()","logger_name":"com.example.logging.logging.application.LoggingService","thread_name":"http-nio-8080-exec-4","level":"INFO","level_value":20000,"t.id":"a9861753-5fbd-4ddd-85ff-35277bb3add1","l.type":"SERVICE"}
{"@timestamp":"2022-04-07T00:21:37.939+09:00","@version":1,"message":"{\"headers\":{},\"body\":\"sdfsdf\",\"statusCode\":\"OK\",\"statusCodeValue\":200}","logger_name":"com.example.logging.common.aop.LogAspect","thread_name":"http-nio-8080-exec-4","level":"INFO","level_value":20000,"t.id":"a9861753-5fbd-4ddd-85ff-35277bb3add1","l.type":"ACTION"}
{"@timestamp":"2022-04-07T00:22:05.537+09:00","@version":1,"message":"Closing JPA EntityManagerFactory for persistence unit 'default'","logger_name":"org.springframework.orm.jpa.LocalContainerEntityManagerFactoryBean","thread_name":"SpringApplicationShutdownHook","level":"INFO","level_value":20000}
{"@timestamp":"2022-04-07T00:22:05.537+09:00","@version":1,"message":"HHH000477: Starting delayed evictData of schema as part of SessionFactory shut-down'","logger_name":"org.hibernate.tool.schema.internal.SchemaDropperImpl$DelayedDropActionImpl","thread_name":"SpringApplicationShutdownHook","level":"INFO","level_value":20000}
{"@timestamp":"2022-04-07T00:22:05.540+09:00","@version":1,"message":"HikariPool-1 - Shutdown initiated...","logger_name":"com.zaxxer.hikari.HikariDataSource","thread_name":"SpringApplicationShutdownHook","level":"INFO","level_value":20000}
{"@timestamp":"2022-04-07T00:22:05.555+09:00","@version":1,"message":"HikariPool-1 - Shutdown completed.","logger_name":"com.zaxxer.hikari.HikariDataSource","thread_name":"SpringApplicationShutdownHook","level":"INFO","level_value":20000}
{"@timestamp":"2022-04-07T00:24:51.152+09:00","@version":1,"message":"Starting LoggingApplication using Java 11.0.14.1 on DESKTOP-T4APL30 with PID 15996 (C:\\Project\\spring_boot_elk_stack\\build\\classes\\java\\main started by HJ in C:\\Project\\spring_boot_elk_stack)","logger_name":"com.example.logging.LoggingApplication","thread_name":"main","level":"INFO","level_value":20000}
{"@timestamp":"2022-04-07T00:24:51.161+09:00","@version":1,"message":"The following 1 profile is active: \"json\"","logger_name":"com.example.logging.LoggingApplication","thread_name":"main","level":"INFO","level_value":20000}
{"@timestamp":"2022-04-07T00:24:51.687+09:00","@version":1,"message":"Bootstrapping Spring Data JPA repositories in DEFAULT mode.","logger_name":"org.springframework.data.repository.config.RepositoryConfigurationDelegate","thread_name":"main","level":"INFO","level_value":20000}
{"@timestamp":"2022-04-07T00:24:51.701+09:00","@version":1,"message":"Finished Spring Data repository scanning in 6 ms. Found 0 JPA repository interfaces.","logger_name":"org.springframework.data.repository.config.RepositoryConfigurationDelegate","thread_name":"main","level":"INFO","level_value":20000}
{"@timestamp":"2022-04-07T00:24:52.319+09:00","@version":1,"message":"Tomcat initialized with port(s): 8080 (http)","logger_name":"org.springframework.boot.web.embedded.tomcat.TomcatWebServer","thread_name":"main","level":"INFO","level_value":20000}
{"@timestamp":"2022-04-07T00:24:52.327+09:00","@version":1,"message":"Initializing ProtocolHandler [\"http-nio-8080\"]","logger_name":"org.apache.coyote.http11.Http11NioProtocol","thread_name":"main","level":"INFO","level_value":20000}
{"@timestamp":"2022-04-07T00:24:52.328+09:00","@version":1,"message":"Starting service [Tomcat]","logger_name":"org.apache.catalina.core.StandardService","thread_name":"main","level":"INFO","level_value":20000}
{"@timestamp":"2022-04-07T00:24:52.328+09:00","@version":1,"message":"Starting Servlet engine: [Apache Tomcat/9.0.58]","logger_name":"org.apache.catalina.core.StandardEngine","thread_name":"main","level":"INFO","level_value":20000}
{"@timestamp":"2022-04-07T00:24:52.407+09:00","@version":1,"message":"Initializing Spring embedded WebApplicationContext","logger_name":"org.apache.catalina.core.ContainerBase.[Tomcat].[localhost].[/]","thread_name":"main","level":"INFO","level_value":20000}
{"@timestamp":"2022-04-07T00:24:52.408+09:00","@version":1,"message":"Root WebApplicationContext: initialization completed in 1205 ms","logger_name":"org.springframework.boot.web.servlet.context.ServletWebServerApplicationContext","thread_name":"main","level":"INFO","level_value":20000}
{"@timestamp":"2022-04-07T00:24:52.569+09:00","@version":1,"message":"HikariPool-1 - Starting...","logger_name":"com.zaxxer.hikari.HikariDataSource","thread_name":"main","level":"INFO","level_value":20000}
{"@timestamp":"2022-04-07T00:24:52.671+09:00","@version":1,"message":"HikariPool-1 - Start completed.","logger_name":"com.zaxxer.hikari.HikariDataSource","thread_name":"main","level":"INFO","level_value":20000}
{"@timestamp":"2022-04-07T00:24:52.712+09:00","@version":1,"message":"HHH000204: Processing PersistenceUnitInfo [name: default]","logger_name":"org.hibernate.jpa.internal.util.LogHelper","thread_name":"main","level":"INFO","level_value":20000}
{"@timestamp":"2022-04-07T00:24:52.754+09:00","@version":1,"message":"HHH000412: Hibernate ORM core version 5.6.5.Final","logger_name":"org.hibernate.Version","thread_name":"main","level":"INFO","level_value":20000}
{"@timestamp":"2022-04-07T00:24:52.875+09:00","@version":1,"message":"HCANN000001: Hibernate Commons Annotations {5.1.2.Final}","logger_name":"org.hibernate.annotations.common.Version","thread_name":"main","level":"INFO","level_value":20000}
{"@timestamp":"2022-04-07T00:24:52.970+09:00","@version":1,"message":"HHH000400: Using dialect: org.hibernate.dialect.H2Dialect","logger_name":"org.hibernate.dialect.Dialect","thread_name":"main","level":"INFO","level_value":20000}
{"@timestamp":"2022-04-07T00:24:53.125+09:00","@version":1,"message":"HHH000490: Using JtaPlatform implementation: [org.hibernate.engine.transaction.jta.platform.internal.NoJtaPlatform]","logger_name":"org.hibernate.engine.transaction.jta.platform.internal.JtaPlatformInitiator","thread_name":"main","level":"INFO","level_value":20000}
{"@timestamp":"2022-04-07T00:24:53.134+09:00","@version":1,"message":"Initialized JPA EntityManagerFactory for persistence unit 'default'","logger_name":"org.springframework.orm.jpa.LocalContainerEntityManagerFactoryBean","thread_name":"main","level":"INFO","level_value":20000}
{"@timestamp":"2022-04-07T00:24:53.272+09:00","@version":1,"message":"spring.jpa.open-in-view is enabled by default. Therefore, database queries may be performed during view rendering. Explicitly configure spring.jpa.open-in-view to disable this warning","logger_name":"org.springframework.boot.autoconfigure.orm.jpa.JpaBaseConfiguration$JpaWebConfiguration","thread_name":"main","level":"WARN","level_value":30000}
{"@timestamp":"2022-04-07T00:24:53.767+09:00","@version":1,"message":"Starting ProtocolHandler [\"http-nio-8080\"]","logger_name":"org.apache.coyote.http11.Http11NioProtocol","thread_name":"main","level":"INFO","level_value":20000}
{"@timestamp":"2022-04-07T00:24:53.786+09:00","@version":1,"message":"Tomcat started on port(s): 8080 (http) with context path ''","logger_name":"org.springframework.boot.web.embedded.tomcat.TomcatWebServer","thread_name":"main","level":"INFO","level_value":20000}
{"@timestamp":"2022-04-07T00:24:53.795+09:00","@version":1,"message":"Started LoggingApplication in 3.0 seconds (JVM running for 3.954)","logger_name":"com.example.logging.LoggingApplication","thread_name":"main","level":"INFO","level_value":20000}
{"@timestamp":"2022-04-07T00:25:00.347+09:00","@version":1,"message":"Initializing Spring DispatcherServlet 'dispatcherServlet'","logger_name":"org.apache.catalina.core.ContainerBase.[Tomcat].[localhost].[/]","thread_name":"http-nio-8080-exec-1","level":"INFO","level_value":20000}
{"@timestamp":"2022-04-07T00:25:00.347+09:00","@version":1,"message":"Initializing Servlet 'dispatcherServlet'","logger_name":"org.springframework.web.servlet.DispatcherServlet","thread_name":"http-nio-8080-exec-1","level":"INFO","level_value":20000}
{"@timestamp":"2022-04-07T00:25:00.349+09:00","@version":1,"message":"Completed initialization in 1 ms","logger_name":"org.springframework.web.servlet.DispatcherServlet","thread_name":"http-nio-8080-exec-1","level":"INFO","level_value":20000}
{"@timestamp":"2022-04-07T00:25:00.489+09:00","@version":1,"message":"{\"method\":\"GET\",\"url\":\"/\",\"args\":\"[\\\"sdfsdf\\\"]\"}","logger_name":"com.example.logging.common.aop.LogAspect","thread_name":"http-nio-8080-exec-1","level":"INFO","level_value":20000,"t.id":"0b5f829c-b85b-42aa-a73d-52dbb7adf636","l.type":"ACTION"}
{"@timestamp":"2022-04-07T00:25:00.498+09:00","@version":1,"message":"Logging Controller in getLogging()","logger_name":"com.example.logging.logging.api.LoggingController","thread_name":"http-nio-8080-exec-1","level":"INFO","level_value":20000,"t.id":"0b5f829c-b85b-42aa-a73d-52dbb7adf636","l.type":"SERVICE"}
{"@timestamp":"2022-04-07T00:25:00.498+09:00","@version":1,"message":"Logging Service in getLogging()","logger_name":"com.example.logging.logging.application.LoggingService","thread_name":"http-nio-8080-exec-1","level":"INFO","level_value":20000,"t.id":"0b5f829c-b85b-42aa-a73d-52dbb7adf636","l.type":"SERVICE"}
{"@timestamp":"2022-04-07T00:25:00.512+09:00","@version":1,"message":"{\"headers\":{},\"body\":\"sdfsdf\",\"statusCode\":\"OK\",\"statusCodeValue\":200}","logger_name":"com.example.logging.common.aop.LogAspect","thread_name":"http-nio-8080-exec-1","level":"INFO","level_value":20000,"t.id":"0b5f829c-b85b-42aa-a73d-52dbb7adf636","l.type":"ACTION"}
{"@timestamp":"2022-04-07T00:26:19.772+09:00","@version":1,"message":"{\"method\":\"GET\",\"url\":\"/\",\"args\":\"[\\\"sdfsdf\\\"]\"}","logger_name":"com.example.logging.common.aop.LogAspect","thread_name":"http-nio-8080-exec-4","level":"INFO","level_value":20000,"t.id":"810d67bb-9069-4497-8674-28aadebaf22c","l.type":"ACTION"}
{"@timestamp":"2022-04-07T00:26:19.772+09:00","@version":1,"message":"Logging Controller in getLogging()","logger_name":"com.example.logging.logging.api.LoggingController","thread_name":"http-nio-8080-exec-4","level":"INFO","level_value":20000,"t.id":"810d67bb-9069-4497-8674-28aadebaf22c","l.type":"SERVICE"}
{"@timestamp":"2022-04-07T00:26:19.772+09:00","@version":1,"message":"Logging Service in getLogging()","logger_name":"com.example.logging.logging.application.LoggingService","thread_name":"http-nio-8080-exec-4","level":"INFO","level_value":20000,"t.id":"810d67bb-9069-4497-8674-28aadebaf22c","l.type":"SERVICE"}
{"@timestamp":"2022-04-07T00:26:19.772+09:00","@version":1,"message":"{\"headers\":{},\"body\":\"sdfsdf\",\"statusCode\":\"OK\",\"statusCodeValue\":200}","logger_name":"com.example.logging.common.aop.LogAspect","thread_name":"http-nio-8080-exec-4","level":"INFO","level_value":20000,"t.id":"810d67bb-9069-4497-8674-28aadebaf22c","l.type":"ACTION"}
{"@timestamp":"2022-04-07T00:26:46.979+09:00","@version":1,"message":"{\"method\":\"GET\",\"url\":\"/\",\"args\":\"[\\\"sdfsdf\\\"]\"}","logger_name":"com.example.logging.common.aop.LogAspect","thread_name":"http-nio-8080-exec-6","level":"INFO","level_value":20000,"t.id":"f6b56686-53b4-40f5-9030-826a0cfc780e","l.type":"ACTION"}
{"@timestamp":"2022-04-07T00:26:46.979+09:00","@version":1,"message":"Logging Controller in getLogging()","logger_name":"com.example.logging.logging.api.LoggingController","thread_name":"http-nio-8080-exec-6","level":"INFO","level_value":20000,"t.id":"f6b56686-53b4-40f5-9030-826a0cfc780e","l.type":"SERVICE"}
{"@timestamp":"2022-04-07T00:26:46.980+09:00","@version":1,"message":"Logging Service in getLogging()","logger_name":"com.example.logging.logging.application.LoggingService","thread_name":"http-nio-8080-exec-6","level":"INFO","level_value":20000,"t.id":"f6b56686-53b4-40f5-9030-826a0cfc780e","l.type":"SERVICE"}
{"@timestamp":"2022-04-07T00:26:46.981+09:00","@version":1,"message":"{\"headers\":{},\"body\":\"sdfsdf\",\"statusCode\":\"OK\",\"statusCodeValue\":200}","logger_name":"com.example.logging.common.aop.LogAspect","thread_name":"http-nio-8080-exec-6","level":"INFO","level_value":20000,"t.id":"f6b56686-53b4-40f5-9030-826a0cfc780e","l.type":"ACTION"}
{"@timestamp":"2022-04-07T00:28:51.170+09:00","@version":1,"message":"Closing JPA EntityManagerFactory for persistence unit 'default'","logger_name":"org.springframework.orm.jpa.LocalContainerEntityManagerFactoryBean","thread_name":"SpringApplicationShutdownHook","level":"INFO","level_value":20000}
{"@timestamp":"2022-04-07T00:28:51.171+09:00","@version":1,"message":"HHH000477: Starting delayed evictData of schema as part of SessionFactory shut-down'","logger_name":"org.hibernate.tool.schema.internal.SchemaDropperImpl$DelayedDropActionImpl","thread_name":"SpringApplicationShutdownHook","level":"INFO","level_value":20000}
{"@timestamp":"2022-04-07T00:28:51.173+09:00","@version":1,"message":"HikariPool-1 - Shutdown initiated...","logger_name":"com.zaxxer.hikari.HikariDataSource","thread_name":"SpringApplicationShutdownHook","level":"INFO","level_value":20000}
{"@timestamp":"2022-04-07T00:28:51.177+09:00","@version":1,"message":"HikariPool-1 - Shutdown completed.","logger_name":"com.zaxxer.hikari.HikariDataSource","thread_name":"SpringApplicationShutdownHook","level":"INFO","level_value":20000}
{"@timestamp":"2022-04-07T00:28:54.726+09:00","@version":1,"message":"Starting LoggingApplication using Java 11.0.14.1 on DESKTOP-T4APL30 with PID 17232 (C:\\Project\\spring_boot_elk_stack\\build\\classes\\java\\main started by HJ in C:\\Project\\spring_boot_elk_stack)","logger_name":"com.example.logging.LoggingApplication","thread_name":"main","level":"INFO","level_value":20000}
{"@timestamp":"2022-04-07T00:28:54.741+09:00","@version":1,"message":"The following 1 profile is active: \"json\"","logger_name":"com.example.logging.LoggingApplication","thread_name":"main","level":"INFO","level_value":20000}
{"@timestamp":"2022-04-07T00:28:55.719+09:00","@version":1,"message":"Tomcat initialized with port(s): 8080 (http)","logger_name":"org.springframework.boot.web.embedded.tomcat.TomcatWebServer","thread_name":"main","level":"INFO","level_value":20000}
{"@timestamp":"2022-04-07T00:28:55.727+09:00","@version":1,"message":"Initializing ProtocolHandler [\"http-nio-8080\"]","logger_name":"org.apache.coyote.http11.Http11NioProtocol","thread_name":"main","level":"INFO","level_value":20000}
{"@timestamp":"2022-04-07T00:28:55.728+09:00","@version":1,"message":"Starting service [Tomcat]","logger_name":"org.apache.catalina.core.StandardService","thread_name":"main","level":"INFO","level_value":20000}
{"@timestamp":"2022-04-07T00:28:55.728+09:00","@version":1,"message":"Starting Servlet engine: [Apache Tomcat/9.0.58]","logger_name":"org.apache.catalina.core.StandardEngine","thread_name":"main","level":"INFO","level_value":20000}
{"@timestamp":"2022-04-07T00:28:55.785+09:00","@version":1,"message":"Initializing Spring embedded WebApplicationContext","logger_name":"org.apache.catalina.core.ContainerBase.[Tomcat].[localhost].[/]","thread_name":"main","level":"INFO","level_value":20000}
{"@timestamp":"2022-04-07T00:28:55.785+09:00","@version":1,"message":"Root WebApplicationContext: initialization completed in 992 ms","logger_name":"org.springframework.boot.web.servlet.context.ServletWebServerApplicationContext","thread_name":"main","level":"INFO","level_value":20000}
{"@timestamp":"2022-04-07T00:28:56.244+09:00","@version":1,"message":"Starting ProtocolHandler [\"http-nio-8080\"]","logger_name":"org.apache.coyote.http11.Http11NioProtocol","thread_name":"main","level":"INFO","level_value":20000}
{"@timestamp":"2022-04-07T00:28:56.267+09:00","@version":1,"message":"Tomcat started on port(s): 8080 (http) with context path ''","logger_name":"org.springframework.boot.web.embedded.tomcat.TomcatWebServer","thread_name":"main","level":"INFO","level_value":20000}
{"@timestamp":"2022-04-07T00:28:56.278+09:00","@version":1,"message":"Started LoggingApplication in 1.916 seconds (JVM running for 2.886)","logger_name":"com.example.logging.LoggingApplication","thread_name":"main","level":"INFO","level_value":20000}
{"@timestamp":"2022-04-07T00:28:57.886+09:00","@version":1,"message":"Initializing Spring DispatcherServlet 'dispatcherServlet'","logger_name":"org.apache.catalina.core.ContainerBase.[Tomcat].[localhost].[/]","thread_name":"http-nio-8080-exec-2","level":"INFO","level_value":20000}
{"@timestamp":"2022-04-07T00:28:57.887+09:00","@version":1,"message":"Initializing Servlet 'dispatcherServlet'","logger_name":"org.springframework.web.servlet.DispatcherServlet","thread_name":"http-nio-8080-exec-2","level":"INFO","level_value":20000}
{"@timestamp":"2022-04-07T00:28:57.889+09:00","@version":1,"message":"Completed initialization in 2 ms","logger_name":"org.springframework.web.servlet.DispatcherServlet","thread_name":"http-nio-8080-exec-2","level":"INFO","level_value":20000}
{"@timestamp":"2022-04-07T00:28:57.951+09:00","@version":1,"message":"{\"method\":\"GET\",\"url\":\"/\",\"args\":\"[\\\"sdfsdf\\\"]\"}","logger_name":"com.example.logging.common.aop.LogAspect","thread_name":"http-nio-8080-exec-2","level":"INFO","level_value":20000,"t.id":"ac886671-630f-4798-a3d1-4b2f7d348db7","l.type":"ACTION"}
{"@timestamp":"2022-04-07T00:28:57.960+09:00","@version":1,"message":"Logging Controller in getLogging()","logger_name":"com.example.logging.logging.api.LoggingController","thread_name":"http-nio-8080-exec-2","level":"INFO","level_value":20000,"t.id":"ac886671-630f-4798-a3d1-4b2f7d348db7","l.type":"SERVICE"}
{"@timestamp":"2022-04-07T00:28:57.960+09:00","@version":1,"message":"Logging Service in getLogging()","logger_name":"com.example.logging.logging.application.LoggingService","thread_name":"http-nio-8080-exec-2","level":"INFO","level_value":20000,"t.id":"ac886671-630f-4798-a3d1-4b2f7d348db7","l.type":"SERVICE"}
{"@timestamp":"2022-04-07T00:28:57.976+09:00","@version":1,"message":"{\"headers\":{},\"body\":\"sdfsdf\",\"statusCode\":\"OK\",\"statusCodeValue\":200}","logger_name":"com.example.logging.common.aop.LogAspect","thread_name":"http-nio-8080-exec-2","level":"INFO","level_value":20000,"t.id":"ac886671-630f-4798-a3d1-4b2f7d348db7","l.type":"ACTION"}
{"@timestamp":"2022-04-07T00:30:13.426+09:00","@version":1,"message":"Starting LoggingApplication using Java 11.0.14.1 on DESKTOP-T4APL30 with PID 11060 (C:\\Project\\spring_boot_elk_stack\\build\\classes\\java\\main started by HJ in C:\\Project\\spring_boot_elk_stack)","logger_name":"com.example.logging.LoggingApplication","thread_name":"main","level":"INFO","level_value":20000}
{"@timestamp":"2022-04-07T00:30:13.433+09:00","@version":1,"message":"The following 1 profile is active: \"json\"","logger_name":"com.example.logging.LoggingApplication","thread_name":"main","level":"INFO","level_value":20000}
{"@timestamp":"2022-04-07T00:30:13.941+09:00","@version":1,"message":"Bootstrapping Spring Data JPA repositories in DEFAULT mode.","logger_name":"org.springframework.data.repository.config.RepositoryConfigurationDelegate","thread_name":"main","level":"INFO","level_value":20000}
{"@timestamp":"2022-04-07T00:30:13.954+09:00","@version":1,"message":"Finished Spring Data repository scanning in 6 ms. Found 0 JPA repository interfaces.","logger_name":"org.springframework.data.repository.config.RepositoryConfigurationDelegate","thread_name":"main","level":"INFO","level_value":20000}
{"@timestamp":"2022-04-07T00:30:14.517+09:00","@version":1,"message":"Tomcat initialized with port(s): 8080 (http)","logger_name":"org.springframework.boot.web.embedded.tomcat.TomcatWebServer","thread_name":"main","level":"INFO","level_value":20000}
{"@timestamp":"2022-04-07T00:30:14.526+09:00","@version":1,"message":"Initializing ProtocolHandler [\"http-nio-8080\"]","logger_name":"org.apache.coyote.http11.Http11NioProtocol","thread_name":"main","level":"INFO","level_value":20000}
{"@timestamp":"2022-04-07T00:30:14.526+09:00","@version":1,"message":"Starting service [Tomcat]","logger_name":"org.apache.catalina.core.StandardService","thread_name":"main","level":"INFO","level_value":20000}
{"@timestamp":"2022-04-07T00:30:14.526+09:00","@version":1,"message":"Starting Servlet engine: [Apache Tomcat/9.0.58]","logger_name":"org.apache.catalina.core.StandardEngine","thread_name":"main","level":"INFO","level_value":20000}
{"@timestamp":"2022-04-07T00:30:14.591+09:00","@version":1,"message":"Initializing Spring embedded WebApplicationContext","logger_name":"org.apache.catalina.core.ContainerBase.[Tomcat].[localhost].[/]","thread_name":"main","level":"INFO","level_value":20000}
{"@timestamp":"2022-04-07T00:30:14.591+09:00","@version":1,"message":"Root WebApplicationContext: initialization completed in 1125 ms","logger_name":"org.springframework.boot.web.servlet.context.ServletWebServerApplicationContext","thread_name":"main","level":"INFO","level_value":20000}
{"@timestamp":"2022-04-07T00:30:14.748+09:00","@version":1,"message":"HikariPool-1 - Starting...","logger_name":"com.zaxxer.hikari.HikariDataSource","thread_name":"main","level":"INFO","level_value":20000}
{"@timestamp":"2022-04-07T00:30:14.841+09:00","@version":1,"message":"HikariPool-1 - Start completed.","logger_name":"com.zaxxer.hikari.HikariDataSource","thread_name":"main","level":"INFO","level_value":20000}
{"@timestamp":"2022-04-07T00:30:14.881+09:00","@version":1,"message":"HHH000204: Processing PersistenceUnitInfo [name: default]","logger_name":"org.hibernate.jpa.internal.util.LogHelper","thread_name":"main","level":"INFO","level_value":20000}
{"@timestamp":"2022-04-07T00:30:14.930+09:00","@version":1,"message":"HHH000412: Hibernate ORM core version 5.6.5.Final","logger_name":"org.hibernate.Version","thread_name":"main","level":"INFO","level_value":20000}
{"@timestamp":"2022-04-07T00:30:15.115+09:00","@version":1,"message":"HCANN000001: Hibernate Commons Annotations {5.1.2.Final}","logger_name":"org.hibernate.annotations.common.Version","thread_name":"main","level":"INFO","level_value":20000}
{"@timestamp":"2022-04-07T00:30:15.232+09:00","@version":1,"message":"HHH000400: Using dialect: org.hibernate.dialect.H2Dialect","logger_name":"org.hibernate.dialect.Dialect","thread_name":"main","level":"INFO","level_value":20000}
{"@timestamp":"2022-04-07T00:30:15.402+09:00","@version":1,"message":"HHH000490: Using JtaPlatform implementation: [org.hibernate.engine.transaction.jta.platform.internal.NoJtaPlatform]","logger_name":"org.hibernate.engine.transaction.jta.platform.internal.JtaPlatformInitiator","thread_name":"main","level":"INFO","level_value":20000}
{"@timestamp":"2022-04-07T00:30:15.411+09:00","@version":1,"message":"Initialized JPA EntityManagerFactory for persistence unit 'default'","logger_name":"org.springframework.orm.jpa.LocalContainerEntityManagerFactoryBean","thread_name":"main","level":"INFO","level_value":20000}
{"@timestamp":"2022-04-07T00:30:15.536+09:00","@version":1,"message":"spring.jpa.open-in-view is enabled by default. Therefore, database queries may be performed during view rendering. Explicitly configure spring.jpa.open-in-view to disable this warning","logger_name":"org.springframework.boot.autoconfigure.orm.jpa.JpaBaseConfiguration$JpaWebConfiguration","thread_name":"main","level":"WARN","level_value":30000}
{"@timestamp":"2022-04-07T00:30:16.026+09:00","@version":1,"message":"Starting ProtocolHandler [\"http-nio-8080\"]","logger_name":"org.apache.coyote.http11.Http11NioProtocol","thread_name":"main","level":"INFO","level_value":20000}
{"@timestamp":"2022-04-07T00:30:16.047+09:00","@version":1,"message":"Tomcat started on port(s): 8080 (http) with context path ''","logger_name":"org.springframework.boot.web.embedded.tomcat.TomcatWebServer","thread_name":"main","level":"INFO","level_value":20000}
{"@timestamp":"2022-04-07T00:30:16.057+09:00","@version":1,"message":"Started LoggingApplication in 2.964 seconds (JVM running for 3.926)","logger_name":"com.example.logging.LoggingApplication","thread_name":"main","level":"INFO","level_value":20000}
{"@timestamp":"2022-04-07T00:30:33.217+09:00","@version":1,"message":"Closing JPA EntityManagerFactory for persistence unit 'default'","logger_name":"org.springframework.orm.jpa.LocalContainerEntityManagerFactoryBean","thread_name":"SpringApplicationShutdownHook","level":"INFO","level_value":20000}
{"@timestamp":"2022-04-07T00:30:33.218+09:00","@version":1,"message":"HHH000477: Starting delayed evictData of schema as part of SessionFactory shut-down'","logger_name":"org.hibernate.tool.schema.internal.SchemaDropperImpl$DelayedDropActionImpl","thread_name":"SpringApplicationShutdownHook","level":"INFO","level_value":20000}
{"@timestamp":"2022-04-07T00:30:33.222+09:00","@version":1,"message":"HikariPool-1 - Shutdown initiated...","logger_name":"com.zaxxer.hikari.HikariDataSource","thread_name":"SpringApplicationShutdownHook","level":"INFO","level_value":20000}
{"@timestamp":"2022-04-07T00:30:33.225+09:00","@version":1,"message":"HikariPool-1 - Shutdown completed.","logger_name":"com.zaxxer.hikari.HikariDataSource","thread_name":"SpringApplicationShutdownHook","level":"INFO","level_value":20000}
{"@timestamp":"2022-04-07T00:30:36.724+09:00","@version":1,"message":"Starting LoggingApplication using Java 11.0.14.1 on DESKTOP-T4APL30 with PID 16188 (C:\\Project\\spring_boot_elk_stack\\build\\classes\\java\\main started by HJ in C:\\Project\\spring_boot_elk_stack)","logger_name":"com.example.logging.LoggingApplication","thread_name":"main","level":"INFO","level_value":20000}
{"@timestamp":"2022-04-07T00:30:36.731+09:00","@version":1,"message":"The following 1 profile is active: \"json\"","logger_name":"com.example.logging.LoggingApplication","thread_name":"main","level":"INFO","level_value":20000}
{"@timestamp":"2022-04-07T00:30:37.246+09:00","@version":1,"message":"Bootstrapping Spring Data JPA repositories in DEFAULT mode.","logger_name":"org.springframework.data.repository.config.RepositoryConfigurationDelegate","thread_name":"main","level":"INFO","level_value":20000}
{"@timestamp":"2022-04-07T00:30:37.261+09:00","@version":1,"message":"Finished Spring Data repository scanning in 6 ms. Found 0 JPA repository interfaces.","logger_name":"org.springframework.data.repository.config.RepositoryConfigurationDelegate","thread_name":"main","level":"INFO","level_value":20000}
{"@timestamp":"2022-04-07T00:30:37.833+09:00","@version":1,"message":"Tomcat initialized with port(s): 8080 (http)","logger_name":"org.springframework.boot.web.embedded.tomcat.TomcatWebServer","thread_name":"main","level":"INFO","level_value":20000}
{"@timestamp":"2022-04-07T00:30:37.842+09:00","@version":1,"message":"Initializing ProtocolHandler [\"http-nio-8080\"]","logger_name":"org.apache.coyote.http11.Http11NioProtocol","thread_name":"main","level":"INFO","level_value":20000}
{"@timestamp":"2022-04-07T00:30:37.843+09:00","@version":1,"message":"Starting service [Tomcat]","logger_name":"org.apache.catalina.core.StandardService","thread_name":"main","level":"INFO","level_value":20000}
{"@timestamp":"2022-04-07T00:30:37.843+09:00","@version":1,"message":"Starting Servlet engine: [Apache Tomcat/9.0.58]","logger_name":"org.apache.catalina.core.StandardEngine","thread_name":"main","level":"INFO","level_value":20000}
{"@timestamp":"2022-04-07T00:30:37.925+09:00","@version":1,"message":"Initializing Spring embedded WebApplicationContext","logger_name":"org.apache.catalina.core.ContainerBase.[Tomcat].[localhost].[/]","thread_name":"main","level":"INFO","level_value":20000}
{"@timestamp":"2022-04-07T00:30:37.925+09:00","@version":1,"message":"Root WebApplicationContext: initialization completed in 1159 ms","logger_name":"org.springframework.boot.web.servlet.context.ServletWebServerApplicationContext","thread_name":"main","level":"INFO","level_value":20000}
{"@timestamp":"2022-04-07T00:30:38.088+09:00","@version":1,"message":"HikariPool-1 - Starting...","logger_name":"com.zaxxer.hikari.HikariDataSource","thread_name":"main","level":"INFO","level_value":20000}
{"@timestamp":"2022-04-07T00:30:38.184+09:00","@version":1,"message":"HikariPool-1 - Start completed.","logger_name":"com.zaxxer.hikari.HikariDataSource","thread_name":"main","level":"INFO","level_value":20000}
{"@timestamp":"2022-04-07T00:30:38.224+09:00","@version":1,"message":"HHH000204: Processing PersistenceUnitInfo [name: default]","logger_name":"org.hibernate.jpa.internal.util.LogHelper","thread_name":"main","level":"INFO","level_value":20000}
{"@timestamp":"2022-04-07T00:30:38.265+09:00","@version":1,"message":"HHH000412: Hibernate ORM core version 5.6.5.Final","logger_name":"org.hibernate.Version","thread_name":"main","level":"INFO","level_value":20000}
{"@timestamp":"2022-04-07T00:30:38.405+09:00","@version":1,"message":"HCANN000001: Hibernate Commons Annotations {5.1.2.Final}","logger_name":"org.hibernate.annotations.common.Version","thread_name":"main","level":"INFO","level_value":20000}
{"@timestamp":"2022-04-07T00:30:38.507+09:00","@version":1,"message":"HHH000400: Using dialect: org.hibernate.dialect.H2Dialect","logger_name":"org.hibernate.dialect.Dialect","thread_name":"main","level":"INFO","level_value":20000}
{"@timestamp":"2022-04-07T00:30:38.678+09:00","@version":1,"message":"HHH000490: Using JtaPlatform implementation: [org.hibernate.engine.transaction.jta.platform.internal.NoJtaPlatform]","logger_name":"org.hibernate.engine.transaction.jta.platform.internal.JtaPlatformInitiator","thread_name":"main","level":"INFO","level_value":20000}
{"@timestamp":"2022-04-07T00:30:38.687+09:00","@version":1,"message":"Initialized JPA EntityManagerFactory for persistence unit 'default'","logger_name":"org.springframework.orm.jpa.LocalContainerEntityManagerFactoryBean","thread_name":"main","level":"INFO","level_value":20000}
{"@timestamp":"2022-04-07T00:30:38.805+09:00","@version":1,"message":"spring.jpa.open-in-view is enabled by default. Therefore, database queries may be performed during view rendering. Explicitly configure spring.jpa.open-in-view to disable this warning","logger_name":"org.springframework.boot.autoconfigure.orm.jpa.JpaBaseConfiguration$JpaWebConfiguration","thread_name":"main","level":"WARN","level_value":30000}
{"@timestamp":"2022-04-07T00:30:39.241+09:00","@version":1,"message":"Starting ProtocolHandler [\"http-nio-8080\"]","logger_name":"org.apache.coyote.http11.Http11NioProtocol","thread_name":"main","level":"INFO","level_value":20000}
{"@timestamp":"2022-04-07T00:30:39.267+09:00","@version":1,"message":"Tomcat started on port(s): 8080 (http) with context path ''","logger_name":"org.springframework.boot.web.embedded.tomcat.TomcatWebServer","thread_name":"main","level":"INFO","level_value":20000}
{"@timestamp":"2022-04-07T00:30:39.277+09:00","@version":1,"message":"Started LoggingApplication in 2.892 seconds (JVM running for 3.936)","logger_name":"com.example.logging.LoggingApplication","thread_name":"main","level":"INFO","level_value":20000}
{"@timestamp":"2022-04-07T00:30:41.396+09:00","@version":1,"message":"Initializing Spring DispatcherServlet 'dispatcherServlet'","logger_name":"org.apache.catalina.core.ContainerBase.[Tomcat].[localhost].[/]","thread_name":"http-nio-8080-exec-1","level":"INFO","level_value":20000}
{"@timestamp":"2022-04-07T00:30:41.396+09:00","@version":1,"message":"Initializing Servlet 'dispatcherServlet'","logger_name":"org.springframework.web.servlet.DispatcherServlet","thread_name":"http-nio-8080-exec-1","level":"INFO","level_value":20000}
{"@timestamp":"2022-04-07T00:30:41.397+09:00","@version":1,"message":"Completed initialization in 1 ms","logger_name":"org.springframework.web.servlet.DispatcherServlet","thread_name":"http-nio-8080-exec-1","level":"INFO","level_value":20000}
{"@timestamp":"2022-04-07T00:30:41.510+09:00","@version":1,"message":"{\"method\":\"GET\",\"url\":\"/\",\"args\":\"[\\\"sdfsdf\\\"]\"}","logger_name":"com.example.logging.common.aop.LogAspect","thread_name":"http-nio-8080-exec-1","level":"INFO","level_value":20000,"l.type":"ACTION"}
{"@timestamp":"2022-04-07T00:30:41.517+09:00","@version":1,"message":"Logging Controller in getLogging()","logger_name":"com.example.logging.logging.api.LoggingController","thread_name":"http-nio-8080-exec-1","level":"INFO","level_value":20000,"l.type":"SERVICE"}
{"@timestamp":"2022-04-07T00:30:41.518+09:00","@version":1,"message":"Logging Service in getLogging()","logger_name":"com.example.logging.logging.application.LoggingService","thread_name":"http-nio-8080-exec-1","level":"INFO","level_value":20000,"l.type":"SERVICE"}
{"@timestamp":"2022-04-07T00:30:41.532+09:00","@version":1,"message":"{\"headers\":{},\"body\":\"sdfsdf\",\"statusCode\":\"OK\",\"statusCodeValue\":200}","logger_name":"com.example.logging.common.aop.LogAspect","thread_name":"http-nio-8080-exec-1","level":"INFO","level_value":20000,"l.type":"ACTION"}
{"@timestamp":"2022-04-07T00:30:44.097+09:00","@version":1,"message":"{\"method\":\"GET\",\"url\":\"/\",\"args\":\"[\\\"sdfsdf\\\"]\"}","logger_name":"com.example.logging.common.aop.LogAspect","thread_name":"http-nio-8080-exec-3","level":"INFO","level_value":20000,"l.type":"ACTION"}
{"@timestamp":"2022-04-07T00:30:44.097+09:00","@version":1,"message":"Logging Controller in getLogging()","logger_name":"com.example.logging.logging.api.LoggingController","thread_name":"http-nio-8080-exec-3","level":"INFO","level_value":20000,"l.type":"SERVICE"}
{"@timestamp":"2022-04-07T00:30:44.098+09:00","@version":1,"message":"Logging Service in getLogging()","logger_name":"com.example.logging.logging.application.LoggingService","thread_name":"http-nio-8080-exec-3","level":"INFO","level_value":20000,"l.type":"SERVICE"}
{"@timestamp":"2022-04-07T00:30:44.098+09:00","@version":1,"message":"{\"headers\":{},\"body\":\"sdfsdf\",\"statusCode\":\"OK\",\"statusCodeValue\":200}","logger_name":"com.example.logging.common.aop.LogAspect","thread_name":"http-nio-8080-exec-3","level":"INFO","level_value":20000,"l.type":"ACTION"}
{"@timestamp":"2022-04-07T00:30:44.945+09:00","@version":1,"message":"{\"method\":\"GET\",\"url\":\"/\",\"args\":\"[\\\"sdfsdf\\\"]\"}","logger_name":"com.example.logging.common.aop.LogAspect","thread_name":"http-nio-8080-exec-6","level":"INFO","level_value":20000,"l.type":"ACTION"}
{"@timestamp":"2022-04-07T00:30:44.946+09:00","@version":1,"message":"Logging Controller in getLogging()","logger_name":"com.example.logging.logging.api.LoggingController","thread_name":"http-nio-8080-exec-6","level":"INFO","level_value":20000,"l.type":"SERVICE"}
{"@timestamp":"2022-04-07T00:30:44.946+09:00","@version":1,"message":"Logging Service in getLogging()","logger_name":"com.example.logging.logging.application.LoggingService","thread_name":"http-nio-8080-exec-6","level":"INFO","level_value":20000,"l.type":"SERVICE"}
{"@timestamp":"2022-04-07T00:30:44.947+09:00","@version":1,"message":"{\"headers\":{},\"body\":\"sdfsdf\",\"statusCode\":\"OK\",\"statusCodeValue\":200}","logger_name":"com.example.logging.common.aop.LogAspect","thread_name":"http-nio-8080-exec-6","level":"INFO","level_value":20000,"l.type":"ACTION"}
{"@timestamp":"2022-04-07T00:30:45.842+09:00","@version":1,"message":"{\"method\":\"GET\",\"url\":\"/\",\"args\":\"[\\\"sdfsdf\\\"]\"}","logger_name":"com.example.logging.common.aop.LogAspect","thread_name":"http-nio-8080-exec-4","level":"INFO","level_value":20000,"l.type":"ACTION"}
{"@timestamp":"2022-04-07T00:30:45.842+09:00","@version":1,"message":"Logging Controller in getLogging()","logger_name":"com.example.logging.logging.api.LoggingController","thread_name":"http-nio-8080-exec-4","level":"INFO","level_value":20000,"l.type":"SERVICE"}
{"@timestamp":"2022-04-07T00:30:45.842+09:00","@version":1,"message":"Logging Service in getLogging()","logger_name":"com.example.logging.logging.application.LoggingService","thread_name":"http-nio-8080-exec-4","level":"INFO","level_value":20000,"l.type":"SERVICE"}
{"@timestamp":"2022-04-07T00:30:45.843+09:00","@version":1,"message":"{\"headers\":{},\"body\":\"sdfsdf\",\"statusCode\":\"OK\",\"statusCodeValue\":200}","logger_name":"com.example.logging.common.aop.LogAspect","thread_name":"http-nio-8080-exec-4","level":"INFO","level_value":20000,"l.type":"ACTION"}
{"@timestamp":"2022-04-07T00:31:13.535+09:00","@version":1,"message":"Closing JPA EntityManagerFactory for persistence unit 'default'","logger_name":"org.springframework.orm.jpa.LocalContainerEntityManagerFactoryBean","thread_name":"SpringApplicationShutdownHook","level":"INFO","level_value":20000}
{"@timestamp":"2022-04-07T00:31:13.535+09:00","@version":1,"message":"HHH000477: Starting delayed evictData of schema as part of SessionFactory shut-down'","logger_name":"org.hibernate.tool.schema.internal.SchemaDropperImpl$DelayedDropActionImpl","thread_name":"SpringApplicationShutdownHook","level":"INFO","level_value":20000}
{"@timestamp":"2022-04-07T00:31:13.537+09:00","@version":1,"message":"HikariPool-1 - Shutdown initiated...","logger_name":"com.zaxxer.hikari.HikariDataSource","thread_name":"SpringApplicationShutdownHook","level":"INFO","level_value":20000}
{"@timestamp":"2022-04-07T00:31:13.541+09:00","@version":1,"message":"HikariPool-1 - Shutdown completed.","logger_name":"com.zaxxer.hikari.HikariDataSource","thread_name":"SpringApplicationShutdownHook","level":"INFO","level_value":20000}
{"@timestamp":"2022-04-07T01:18:25.617+09:00","@version":1,"message":"Starting LoggingApplication using Java 11.0.14.1 on DESKTOP-T4APL30 with PID 6816 (C:\\Project\\spring_boot_elk_stack\\build\\classes\\java\\main started by HJ in C:\\Project\\spring_boot_elk_stack)","logger_name":"com.example.logging.LoggingApplication","thread_name":"main","level":"INFO","level_value":20000}
{"@timestamp":"2022-04-07T01:18:25.627+09:00","@version":1,"message":"The following 1 profile is active: \"json\"","logger_name":"com.example.logging.LoggingApplication","thread_name":"main","level":"INFO","level_value":20000}
{"@timestamp":"2022-04-07T01:18:26.207+09:00","@version":1,"message":"Bootstrapping Spring Data JPA repositories in DEFAULT mode.","logger_name":"org.springframework.data.repository.config.RepositoryConfigurationDelegate","thread_name":"main","level":"INFO","level_value":20000}
{"@timestamp":"2022-04-07T01:18:26.222+09:00","@version":1,"message":"Finished Spring Data repository scanning in 6 ms. Found 0 JPA repository interfaces.","logger_name":"org.springframework.data.repository.config.RepositoryConfigurationDelegate","thread_name":"main","level":"INFO","level_value":20000}
{"@timestamp":"2022-04-07T01:18:26.669+09:00","@version":1,"message":"Tomcat initialized with port(s): 8080 (http)","logger_name":"org.springframework.boot.web.embedded.tomcat.TomcatWebServer","thread_name":"main","level":"INFO","level_value":20000}
{"@timestamp":"2022-04-07T01:18:26.677+09:00","@version":1,"message":"Initializing ProtocolHandler [\"http-nio-8080\"]","logger_name":"org.apache.coyote.http11.Http11NioProtocol","thread_name":"main","level":"INFO","level_value":20000}
{"@timestamp":"2022-04-07T01:18:26.678+09:00","@version":1,"message":"Starting service [Tomcat]","logger_name":"org.apache.catalina.core.StandardService","thread_name":"main","level":"INFO","level_value":20000}
{"@timestamp":"2022-04-07T01:18:26.678+09:00","@version":1,"message":"Starting Servlet engine: [Apache Tomcat/9.0.58]","logger_name":"org.apache.catalina.core.StandardEngine","thread_name":"main","level":"INFO","level_value":20000}
{"@timestamp":"2022-04-07T01:18:26.747+09:00","@version":1,"message":"Initializing Spring embedded WebApplicationContext","logger_name":"org.apache.catalina.core.ContainerBase.[Tomcat].[localhost].[/]","thread_name":"main","level":"INFO","level_value":20000}
{"@timestamp":"2022-04-07T01:18:26.748+09:00","@version":1,"message":"Root WebApplicationContext: initialization completed in 1085 ms","logger_name":"org.springframework.boot.web.servlet.context.ServletWebServerApplicationContext","thread_name":"main","level":"INFO","level_value":20000}
{"@timestamp":"2022-04-07T01:18:26.883+09:00","@version":1,"message":"HikariPool-1 - Starting...","logger_name":"com.zaxxer.hikari.HikariDataSource","thread_name":"main","level":"INFO","level_value":20000}
{"@timestamp":"2022-04-07T01:18:26.998+09:00","@version":1,"message":"HikariPool-1 - Start completed.","logger_name":"com.zaxxer.hikari.HikariDataSource","thread_name":"main","level":"INFO","level_value":20000}
{"@timestamp":"2022-04-07T01:18:27.041+09:00","@version":1,"message":"HHH000204: Processing PersistenceUnitInfo [name: default]","logger_name":"org.hibernate.jpa.internal.util.LogHelper","thread_name":"main","level":"INFO","level_value":20000}
{"@timestamp":"2022-04-07T01:18:27.085+09:00","@version":1,"message":"HHH000412: Hibernate ORM core version 5.6.5.Final","logger_name":"org.hibernate.Version","thread_name":"main","level":"INFO","level_value":20000}
{"@timestamp":"2022-04-07T01:18:27.229+09:00","@version":1,"message":"HCANN000001: Hibernate Commons Annotations {5.1.2.Final}","logger_name":"org.hibernate.annotations.common.Version","thread_name":"main","level":"INFO","level_value":20000}
{"@timestamp":"2022-04-07T01:18:27.350+09:00","@version":1,"message":"HHH000400: Using dialect: org.hibernate.dialect.H2Dialect","logger_name":"org.hibernate.dialect.Dialect","thread_name":"main","level":"INFO","level_value":20000}
{"@timestamp":"2022-04-07T01:18:27.535+09:00","@version":1,"message":"HHH000490: Using JtaPlatform implementation: [org.hibernate.engine.transaction.jta.platform.internal.NoJtaPlatform]","logger_name":"org.hibernate.engine.transaction.jta.platform.internal.JtaPlatformInitiator","thread_name":"main","level":"INFO","level_value":20000}
{"@timestamp":"2022-04-07T01:18:27.544+09:00","@version":1,"message":"Initialized JPA EntityManagerFactory for persistence unit 'default'","logger_name":"org.springframework.orm.jpa.LocalContainerEntityManagerFactoryBean","thread_name":"main","level":"INFO","level_value":20000}
{"@timestamp":"2022-04-07T01:18:27.604+09:00","@version":1,"message":"spring.jpa.open-in-view is enabled by default. Therefore, database queries may be performed during view rendering. Explicitly configure spring.jpa.open-in-view to disable this warning","logger_name":"org.springframework.boot.autoconfigure.orm.jpa.JpaBaseConfiguration$JpaWebConfiguration","thread_name":"main","level":"WARN","level_value":30000}
{"@timestamp":"2022-04-07T01:18:27.860+09:00","@version":1,"message":"Starting ProtocolHandler [\"http-nio-8080\"]","logger_name":"org.apache.coyote.http11.Http11NioProtocol","thread_name":"main","level":"INFO","level_value":20000}
{"@timestamp":"2022-04-07T01:18:27.880+09:00","@version":1,"message":"Tomcat started on port(s): 8080 (http) with context path ''","logger_name":"org.springframework.boot.web.embedded.tomcat.TomcatWebServer","thread_name":"main","level":"INFO","level_value":20000}
{"@timestamp":"2022-04-07T01:18:27.892+09:00","@version":1,"message":"Started LoggingApplication in 2.777 seconds (JVM running for 3.923)","logger_name":"com.example.logging.LoggingApplication","thread_name":"main","level":"INFO","level_value":20000}
{"@timestamp":"2022-04-07T01:18:45.861+09:00","@version":1,"message":"Initializing Spring DispatcherServlet 'dispatcherServlet'","logger_name":"org.apache.catalina.core.ContainerBase.[Tomcat].[localhost].[/]","thread_name":"http-nio-8080-exec-1","level":"INFO","level_value":20000}
{"@timestamp":"2022-04-07T01:18:45.861+09:00","@version":1,"message":"Initializing Servlet 'dispatcherServlet'","logger_name":"org.springframework.web.servlet.DispatcherServlet","thread_name":"http-nio-8080-exec-1","level":"INFO","level_value":20000}
{"@timestamp":"2022-04-07T01:18:45.863+09:00","@version":1,"message":"Completed initialization in 1 ms","logger_name":"org.springframework.web.servlet.DispatcherServlet","thread_name":"http-nio-8080-exec-1","level":"INFO","level_value":20000}
{"@timestamp":"2022-04-07T01:18:45.965+09:00","@version":1,"message":"Logging Controller in getLogging()","logger_name":"com.example.logging.logging.api.LoggingController","thread_name":"http-nio-8080-exec-1","level":"INFO","level_value":20000}
{"@timestamp":"2022-04-07T01:18:45.966+09:00","@version":1,"message":"Logging Service in getLogging()","logger_name":"com.example.logging.logging.application.LoggingService","thread_name":"http-nio-8080-exec-1","level":"INFO","level_value":20000}
{"@timestamp":"2022-04-07T01:18:46.752+09:00","@version":1,"message":"Logging Controller in getLogging()","logger_name":"com.example.logging.logging.api.LoggingController","thread_name":"http-nio-8080-exec-2","level":"INFO","level_value":20000}
{"@timestamp":"2022-04-07T01:18:46.753+09:00","@version":1,"message":"Logging Service in getLogging()","logger_name":"com.example.logging.logging.application.LoggingService","thread_name":"http-nio-8080-exec-2","level":"INFO","level_value":20000}
{"@timestamp":"2022-04-07T01:18:47.365+09:00","@version":1,"message":"Logging Controller in getLogging()","logger_name":"com.example.logging.logging.api.LoggingController","thread_name":"http-nio-8080-exec-3","level":"INFO","level_value":20000}
{"@timestamp":"2022-04-07T01:18:47.365+09:00","@version":1,"message":"Logging Service in getLogging()","logger_name":"com.example.logging.logging.application.LoggingService","thread_name":"http-nio-8080-exec-3","level":"INFO","level_value":20000}
{"@timestamp":"2022-04-07T01:18:47.813+09:00","@version":1,"message":"Logging Controller in getLogging()","logger_name":"com.example.logging.logging.api.LoggingController","thread_name":"http-nio-8080-exec-4","level":"INFO","level_value":20000}
{"@timestamp":"2022-04-07T01:18:47.813+09:00","@version":1,"message":"Logging Service in getLogging()","logger_name":"com.example.logging.logging.application.LoggingService","thread_name":"http-nio-8080-exec-4","level":"INFO","level_value":20000}
{"@timestamp":"2022-04-07T01:18:48.253+09:00","@version":1,"message":"Logging Controller in getLogging()","logger_name":"com.example.logging.logging.api.LoggingController","thread_name":"http-nio-8080-exec-5","level":"INFO","level_value":20000}
{"@timestamp":"2022-04-07T01:18:48.253+09:00","@version":1,"message":"Logging Service in getLogging()","logger_name":"com.example.logging.logging.application.LoggingService","thread_name":"http-nio-8080-exec-5","level":"INFO","level_value":20000}
{"@timestamp":"2022-04-07T01:18:53.905+09:00","@version":1,"message":"Logging Controller in getLogging()","logger_name":"com.example.logging.logging.api.LoggingController","thread_name":"http-nio-8080-exec-6","level":"INFO","level_value":20000}
{"@timestamp":"2022-04-07T01:18:53.906+09:00","@version":1,"message":"Logging Service in getLogging()","logger_name":"com.example.logging.logging.application.LoggingService","thread_name":"http-nio-8080-exec-6","level":"INFO","level_value":20000}
{"@timestamp":"2022-04-07T01:18:56.589+09:00","@version":1,"message":"Logging Controller in getLogging()","logger_name":"com.example.logging.logging.api.LoggingController","thread_name":"http-nio-8080-exec-7","level":"INFO","level_value":20000}
{"@timestamp":"2022-04-07T01:18:56.590+09:00","@version":1,"message":"Logging Service in getLogging()","logger_name":"com.example.logging.logging.application.LoggingService","thread_name":"http-nio-8080-exec-7","level":"INFO","level_value":20000}
{"@timestamp":"2022-04-07T01:19:02.570+09:00","@version":1,"message":"Logging Controller in getLogging()","logger_name":"com.example.logging.logging.api.LoggingController","thread_name":"http-nio-8080-exec-8","level":"INFO","level_value":20000}
{"@timestamp":"2022-04-07T01:19:02.570+09:00","@version":1,"message":"Logging Service in getLogging()","logger_name":"com.example.logging.logging.application.LoggingService","thread_name":"http-nio-8080-exec-8","level":"INFO","level_value":20000}
{"@timestamp":"2022-04-07T01:20:22.970+09:00","@version":1,"message":"Logging Controller in getLogging()","logger_name":"com.example.logging.logging.api.LoggingController","thread_name":"http-nio-8080-exec-1","level":"INFO","level_value":20000}
{"@timestamp":"2022-04-07T01:20:22.970+09:00","@version":1,"message":"Logging Service in getLogging()","logger_name":"com.example.logging.logging.application.LoggingService","thread_name":"http-nio-8080-exec-1","level":"INFO","level_value":20000}
{"@timestamp":"2022-04-07T01:20:23.463+09:00","@version":1,"message":"Logging Controller in getLogging()","logger_name":"com.example.logging.logging.api.LoggingController","thread_name":"http-nio-8080-exec-2","level":"INFO","level_value":20000}
{"@timestamp":"2022-04-07T01:20:23.464+09:00","@version":1,"message":"Logging Service in getLogging()","logger_name":"com.example.logging.logging.application.LoggingService","thread_name":"http-nio-8080-exec-2","level":"INFO","level_value":20000}
{"@timestamp":"2022-04-07T01:20:23.693+09:00","@version":1,"message":"Logging Controller in getLogging()","logger_name":"com.example.logging.logging.api.LoggingController","thread_name":"http-nio-8080-exec-3","level":"INFO","level_value":20000}
{"@timestamp":"2022-04-07T01:20:23.693+09:00","@version":1,"message":"Logging Service in getLogging()","logger_name":"com.example.logging.logging.application.LoggingService","thread_name":"http-nio-8080-exec-3","level":"INFO","level_value":20000}
{"@timestamp":"2022-04-07T01:20:23.847+09:00","@version":1,"message":"Logging Controller in getLogging()","logger_name":"com.example.logging.logging.api.LoggingController","thread_name":"http-nio-8080-exec-4","level":"INFO","level_value":20000}
{"@timestamp":"2022-04-07T01:20:23.848+09:00","@version":1,"message":"Logging Service in getLogging()","logger_name":"com.example.logging.logging.application.LoggingService","thread_name":"http-nio-8080-exec-4","level":"INFO","level_value":20000}
{"@timestamp":"2022-04-07T01:20:24.028+09:00","@version":1,"message":"Logging Controller in getLogging()","logger_name":"com.example.logging.logging.api.LoggingController","thread_name":"http-nio-8080-exec-5","level":"INFO","level_value":20000}
{"@timestamp":"2022-04-07T01:20:24.028+09:00","@version":1,"message":"Logging Service in getLogging()","logger_name":"com.example.logging.logging.application.LoggingService","thread_name":"http-nio-8080-exec-5","level":"INFO","level_value":20000}
{"@timestamp":"2022-04-07T01:20:24.203+09:00","@version":1,"message":"Logging Controller in getLogging()","logger_name":"com.example.logging.logging.api.LoggingController","thread_name":"http-nio-8080-exec-6","level":"INFO","level_value":20000}
{"@timestamp":"2022-04-07T01:20:24.203+09:00","@version":1,"message":"Logging Service in getLogging()","logger_name":"com.example.logging.logging.application.LoggingService","thread_name":"http-nio-8080-exec-6","level":"INFO","level_value":20000}
{"@timestamp":"2022-04-07T01:33:06.504+09:00","@version":1,"message":"Logging Controller in getLogging()","logger_name":"com.example.logging.logging.api.LoggingController","thread_name":"http-nio-8080-exec-9","level":"INFO","level_value":20000}
{"@timestamp":"2022-04-07T01:33:06.504+09:00","@version":1,"message":"Logging Service in getLogging()","logger_name":"com.example.logging.logging.application.LoggingService","thread_name":"http-nio-8080-exec-9","level":"INFO","level_value":20000}
{"@timestamp":"2022-04-07T01:33:07.972+09:00","@version":1,"message":"Logging Controller in getLogging()","logger_name":"com.example.logging.logging.api.LoggingController","thread_name":"http-nio-8080-exec-10","level":"INFO","level_value":20000}
{"@timestamp":"2022-04-07T01:33:07.972+09:00","@version":1,"message":"Logging Service in getLogging()","logger_name":"com.example.logging.logging.application.LoggingService","thread_name":"http-nio-8080-exec-10","level":"INFO","level_value":20000}
{"@timestamp":"2022-04-07T01:33:08.437+09:00","@version":1,"message":"Logging Controller in getLogging()","logger_name":"com.example.logging.logging.api.LoggingController","thread_name":"http-nio-8080-exec-1","level":"INFO","level_value":20000}
{"@timestamp":"2022-04-07T01:33:08.437+09:00","@version":1,"message":"Logging Service in getLogging()","logger_name":"com.example.logging.logging.application.LoggingService","thread_name":"http-nio-8080-exec-1","level":"INFO","level_value":20000}
{"@timestamp":"2022-04-07T01:33:10.908+09:00","@version":1,"message":"Logging Controller in getLogging()","logger_name":"com.example.logging.logging.api.LoggingController","thread_name":"http-nio-8080-exec-2","level":"INFO","level_value":20000}
{"@timestamp":"2022-04-07T01:33:10.909+09:00","@version":1,"message":"Logging Service in getLogging()","logger_name":"com.example.logging.logging.application.LoggingService","thread_name":"http-nio-8080-exec-2","level":"INFO","level_value":20000}
{"@timestamp":"2022-04-07T01:39:46.903+09:00","@version":1,"message":"Logging Controller in getLogging()","logger_name":"com.example.logging.logging.api.LoggingController","thread_name":"http-nio-8080-exec-5","level":"INFO","level_value":20000}
{"@timestamp":"2022-04-07T01:39:46.904+09:00","@version":1,"message":"Logging Service in getLogging()","logger_name":"com.example.logging.logging.application.LoggingService","thread_name":"http-nio-8080-exec-5","level":"INFO","level_value":20000}
{"@timestamp":"2022-04-07T01:39:47.096+09:00","@version":1,"message":"Logging Controller in getLogging()","logger_name":"com.example.logging.logging.api.LoggingController","thread_name":"http-nio-8080-exec-6","level":"INFO","level_value":20000}
{"@timestamp":"2022-04-07T01:39:47.096+09:00","@version":1,"message":"Logging Service in getLogging()","logger_name":"com.example.logging.logging.application.LoggingService","thread_name":"http-nio-8080-exec-6","level":"INFO","level_value":20000}
{"@timestamp":"2022-04-07T01:39:47.224+09:00","@version":1,"message":"Logging Controller in getLogging()","logger_name":"com.example.logging.logging.api.LoggingController","thread_name":"http-nio-8080-exec-7","level":"INFO","level_value":20000}
{"@timestamp":"2022-04-07T01:39:47.224+09:00","@version":1,"message":"Logging Service in getLogging()","logger_name":"com.example.logging.logging.application.LoggingService","thread_name":"http-nio-8080-exec-7","level":"INFO","level_value":20000}
{"@timestamp":"2022-04-07T01:39:47.388+09:00","@version":1,"message":"Logging Controller in getLogging()","logger_name":"com.example.logging.logging.api.LoggingController","thread_name":"http-nio-8080-exec-8","level":"INFO","level_value":20000}
{"@timestamp":"2022-04-07T01:39:47.389+09:00","@version":1,"message":"Logging Service in getLogging()","logger_name":"com.example.logging.logging.application.LoggingService","thread_name":"http-nio-8080-exec-8","level":"INFO","level_value":20000}
{"@timestamp":"2022-04-07T01:39:47.541+09:00","@version":1,"message":"Logging Controller in getLogging()","logger_name":"com.example.logging.logging.api.LoggingController","thread_name":"http-nio-8080-exec-9","level":"INFO","level_value":20000}
{"@timestamp":"2022-04-07T01:39:47.541+09:00","@version":1,"message":"Logging Service in getLogging()","logger_name":"com.example.logging.logging.application.LoggingService","thread_name":"http-nio-8080-exec-9","level":"INFO","level_value":20000}
{"@timestamp":"2022-04-07T01:39:47.709+09:00","@version":1,"message":"Logging Controller in getLogging()","logger_name":"com.example.logging.logging.api.LoggingController","thread_name":"http-nio-8080-exec-10","level":"INFO","level_value":20000}
{"@timestamp":"2022-04-07T01:39:47.710+09:00","@version":1,"message":"Logging Service in getLogging()","logger_name":"com.example.logging.logging.application.LoggingService","thread_name":"http-nio-8080-exec-10","level":"INFO","level_value":20000}
{"@timestamp":"2022-04-07T01:39:47.879+09:00","@version":1,"message":"Logging Controller in getLogging()","logger_name":"com.example.logging.logging.api.LoggingController","thread_name":"http-nio-8080-exec-1","level":"INFO","level_value":20000}
{"@timestamp":"2022-04-07T01:39:47.879+09:00","@version":1,"message":"Logging Service in getLogging()","logger_name":"com.example.logging.logging.application.LoggingService","thread_name":"http-nio-8080-exec-1","level":"INFO","level_value":20000}
{"@timestamp":"2022-04-07T01:39:48.044+09:00","@version":1,"message":"Logging Controller in getLogging()","logger_name":"com.example.logging.logging.api.LoggingController","thread_name":"http-nio-8080-exec-2","level":"INFO","level_value":20000}
{"@timestamp":"2022-04-07T01:39:48.044+09:00","@version":1,"message":"Logging Service in getLogging()","logger_name":"com.example.logging.logging.application.LoggingService","thread_name":"http-nio-8080-exec-2","level":"INFO","level_value":20000}
{"@timestamp":"2022-04-07T01:39:48.196+09:00","@version":1,"message":"Logging Controller in getLogging()","logger_name":"com.example.logging.logging.api.LoggingController","thread_name":"http-nio-8080-exec-3","level":"INFO","level_value":20000}
{"@timestamp":"2022-04-07T01:39:48.196+09:00","@version":1,"message":"Logging Service in getLogging()","logger_name":"com.example.logging.logging.application.LoggingService","thread_name":"http-nio-8080-exec-3","level":"INFO","level_value":20000}
{"@timestamp":"2022-04-07T01:39:48.371+09:00","@version":1,"message":"Logging Controller in getLogging()","logger_name":"com.example.logging.logging.api.LoggingController","thread_name":"http-nio-8080-exec-4","level":"INFO","level_value":20000}
{"@timestamp":"2022-04-07T01:39:48.372+09:00","@version":1,"message":"Logging Service in getLogging()","logger_name":"com.example.logging.logging.application.LoggingService","thread_name":"http-nio-8080-exec-4","level":"INFO","level_value":20000}
{"@timestamp":"2022-04-07T01:39:48.531+09:00","@version":1,"message":"Logging Controller in getLogging()","logger_name":"com.example.logging.logging.api.LoggingController","thread_name":"http-nio-8080-exec-5","level":"INFO","level_value":20000}
{"@timestamp":"2022-04-07T01:39:48.531+09:00","@version":1,"message":"Logging Service in getLogging()","logger_name":"com.example.logging.logging.application.LoggingService","thread_name":"http-nio-8080-exec-5","level":"INFO","level_value":20000}
{"@timestamp":"2022-04-07T01:39:48.705+09:00","@version":1,"message":"Logging Controller in getLogging()","logger_name":"com.example.logging.logging.api.LoggingController","thread_name":"http-nio-8080-exec-6","level":"INFO","level_value":20000}
{"@timestamp":"2022-04-07T01:39:48.705+09:00","@version":1,"message":"Logging Service in getLogging()","logger_name":"com.example.logging.logging.application.LoggingService","thread_name":"http-nio-8080-exec-6","level":"INFO","level_value":20000}
{"@timestamp":"2022-04-07T01:39:48.874+09:00","@version":1,"message":"Logging Controller in getLogging()","logger_name":"com.example.logging.logging.api.LoggingController","thread_name":"http-nio-8080-exec-7","level":"INFO","level_value":20000}
{"@timestamp":"2022-04-07T01:39:48.874+09:00","@version":1,"message":"Logging Service in getLogging()","logger_name":"com.example.logging.logging.application.LoggingService","thread_name":"http-nio-8080-exec-7","level":"INFO","level_value":20000}
{"@timestamp":"2022-04-07T01:39:49.045+09:00","@version":1,"message":"Logging Controller in getLogging()","logger_name":"com.example.logging.logging.api.LoggingController","thread_name":"http-nio-8080-exec-8","level":"INFO","level_value":20000}
{"@timestamp":"2022-04-07T01:39:49.046+09:00","@version":1,"message":"Logging Service in getLogging()","logger_name":"com.example.logging.logging.application.LoggingService","thread_name":"http-nio-8080-exec-8","level":"INFO","level_value":20000}
